Started GET "/" for ::1 at 2023-06-01 08:43:39 -0400
Processing by Rails::WelcomeController#index as HTML
  Rendering /Users/Cristobal/.rvm/gems/ruby-3.1.0/gems/railties-7.0.5/lib/rails/templates/rails/welcome/index.html.erb
  Rendered /Users/Cristobal/.rvm/gems/ruby-3.1.0/gems/railties-7.0.5/lib/rails/templates/rails/welcome/index.html.erb (Duration: 0.9ms | Allocations: 636)
Completed 200 OK in 10ms (Views: 2.9ms | ActiveRecord: 0.0ms | Allocations: 7124)


Started GET "/" for ::1 at 2023-06-01 08:43:56 -0400
Processing by Rails::WelcomeController#index as HTML
  Rendering /Users/Cristobal/.rvm/gems/ruby-3.1.0/gems/railties-7.0.5/lib/rails/templates/rails/welcome/index.html.erb
  Rendered /Users/Cristobal/.rvm/gems/ruby-3.1.0/gems/railties-7.0.5/lib/rails/templates/rails/welcome/index.html.erb (Duration: 0.6ms | Allocations: 296)
Completed 200 OK in 2ms (Views: 1.5ms | ActiveRecord: 0.0ms | Allocations: 1089)


Started GET "/home/index" for ::1 at 2023-06-01 08:44:46 -0400
Processing by HomeController#index as HTML
  Rendering layout layouts/application.html.erb
  Rendering home/index.html.erb within layouts/application
  Rendered home/index.html.erb within layouts/application (Duration: 0.5ms | Allocations: 124)
  Rendered layout layouts/application.html.erb (Duration: 164.9ms | Allocations: 92646)
Completed 200 OK in 168ms (Views: 166.6ms | ActiveRecord: 0.0ms | Allocations: 93717)


Started GET "/home/index" for ::1 at 2023-06-01 08:46:06 -0400
Processing by HomeController#index as HTML
  Rendering layout layouts/application.html.erb
  Rendering home/index.html.erb within layouts/application
  Rendered home/index.html.erb within layouts/application (Duration: 0.6ms | Allocations: 127)
  Rendered layout layouts/application.html.erb (Duration: 5.7ms | Allocations: 2954)
Completed 200 OK in 11ms (Views: 7.9ms | ActiveRecord: 0.0ms | Allocations: 3897)


Started GET "/" for ::1 at 2023-06-01 08:48:02 -0400
Processing by HomeController#index as HTML
  Rendering layout layouts/application.html.erb
  Rendering home/index.html.erb within layouts/application
  Rendered home/index.html.erb within layouts/application (Duration: 0.0ms | Allocations: 12)
  Rendered layout layouts/application.html.erb (Duration: 4.7ms | Allocations: 14098)
Completed 200 OK in 5ms (Views: 5.1ms | Allocations: 14729)


Started GET "/" for ::1 at 2023-06-01 08:49:48 -0400
Processing by HomeController#index as HTML
  Rendering layout layouts/application.html.erb
  Rendering home/index.html.erb within layouts/application
  Rendered home/index.html.erb within layouts/application (Duration: 0.3ms | Allocations: 335)
  Rendered layout layouts/application.html.erb (Duration: 17.6ms | Allocations: 35892)
Completed 200 OK in 21ms (Views: 18.6ms | ActiveRecord: 0.0ms | Allocations: 40042)


Started GET "/" for ::1 at 2023-06-01 08:50:05 -0400
Processing by HomeController#index as HTML
  Rendering layout layouts/application.html.erb
  Rendering home/index.html.erb within layouts/application
  Rendered home/index.html.erb within layouts/application (Duration: 0.8ms | Allocations: 124)
  Rendered layout layouts/application.html.erb (Duration: 6.2ms | Allocations: 2934)
Completed 200 OK in 11ms (Views: 9.2ms | ActiveRecord: 0.0ms | Allocations: 3908)


Started GET "/" for ::1 at 2023-06-01 08:56:35 -0400
Processing by HomeController#index as HTML
  Rendering layout layouts/application.html.erb
  Rendering home/index.html.erb within layouts/application
  Rendered home/index.html.erb within layouts/application (Duration: 0.2ms | Allocations: 123)
  Rendered layout layouts/application.html.erb (Duration: 4.9ms | Allocations: 14418)
Completed 200 OK in 6ms (Views: 5.5ms | Allocations: 15465)


Started GET "/home/about" for ::1 at 2023-06-01 08:56:47 -0400
Processing by HomeController#about as HTML
  Rendering layout layouts/application.html.erb
  Rendering home/about.html.erb within layouts/application
  Rendered home/about.html.erb within layouts/application (Duration: 0.8ms | Allocations: 95)
  Rendered layout layouts/application.html.erb (Duration: 7.0ms | Allocations: 2463)
Completed 200 OK in 9ms (Views: 7.7ms | Allocations: 2790)


Started GET "/home/index" for ::1 at 2023-06-01 09:00:55 -0400
  
ActionController::RoutingError (No route matches [GET] "/home/index"):
  
Started GET "/home/about" for ::1 at 2023-06-01 09:01:04 -0400
Processing by HomeController#about as HTML
  Rendering layout layouts/application.html.erb
  Rendering home/about.html.erb within layouts/application
  Rendered home/about.html.erb within layouts/application (Duration: 0.5ms | Allocations: 120)
  Rendered layout layouts/application.html.erb (Duration: 13.6ms | Allocations: 14501)
Completed 200 OK in 19ms (Views: 17.1ms | Allocations: 15505)


Started GET "/home/about" for ::1 at 2023-06-01 09:08:02 -0400
Processing by HomeController#about as HTML
  Rendering layout layouts/application.html.erb
  Rendering home/about.html.erb within layouts/application
  Rendered home/about.html.erb within layouts/application (Duration: 0.8ms | Allocations: 120)
  Rendered layout layouts/application.html.erb (Duration: 6.5ms | Allocations: 2965)
Completed 200 OK in 12ms (Views: 10.2ms | Allocations: 3895)


Started GET "/" for ::1 at 2023-06-01 09:08:25 -0400
Processing by HomeController#index as HTML
  Rendering layout layouts/application.html.erb
  Rendering home/index.html.erb within layouts/application
  Rendered home/index.html.erb within layouts/application (Duration: 0.7ms | Allocations: 97)
  Rendered layout layouts/application.html.erb (Duration: 4.0ms | Allocations: 2445)
Completed 200 OK in 6ms (Views: 4.5ms | Allocations: 2772)


Started GET "/" for ::1 at 2023-06-01 09:09:07 -0400
Processing by HomeController#index as HTML
  Rendering layout layouts/application.html.erb
  Rendering home/index.html.erb within layouts/application
  Rendered home/index.html.erb within layouts/application (Duration: 0.7ms | Allocations: 123)
  Rendered layout layouts/application.html.erb (Duration: 7.0ms | Allocations: 2958)
Completed 200 OK in 12ms (Views: 10.3ms | Allocations: 3861)


Started GET "/" for ::1 at 2023-06-01 09:09:07 -0400
Processing by HomeController#index as HTML
  Rendering layout layouts/application.html.erb
  Rendering home/index.html.erb within layouts/application
  Rendered home/index.html.erb within layouts/application (Duration: 0.1ms | Allocations: 7)
  Rendered layout layouts/application.html.erb (Duration: 4.9ms | Allocations: 2350)
Completed 200 OK in 6ms (Views: 5.5ms | Allocations: 2624)


Started GET "/" for ::1 at 2023-06-01 09:10:24 -0400
Processing by HomeController#index as HTML
  Rendering layout layouts/application.html.erb
  Rendering home/index.html.erb within layouts/application
  Rendered home/index.html.erb within layouts/application (Duration: 1.0ms | Allocations: 123)
  Rendered layout layouts/application.html.erb (Duration: 12.5ms | Allocations: 2946)
Completed 200 OK in 17ms (Views: 15.6ms | Allocations: 3849)


Started GET "/" for ::1 at 2023-06-01 09:10:42 -0400
Processing by HomeController#index as HTML
  Rendering layout layouts/application.html.erb
  Rendering home/index.html.erb within layouts/application
  Rendered home/index.html.erb within layouts/application (Duration: 0.4ms | Allocations: 123)
  Rendered layout layouts/application.html.erb (Duration: 10.6ms | Allocations: 2949)
Completed 200 OK in 19ms (Views: 12.8ms | Allocations: 3870)


Started GET "/" for ::1 at 2023-06-01 09:15:25 -0400
Processing by HomeController#index as HTML
  Rendering layout layouts/application.html.erb
  Rendering home/index.html.erb within layouts/application
  Rendered home/index.html.erb within layouts/application (Duration: 0.7ms | Allocations: 123)
  Rendered home/_header.html.erb (Duration: 0.2ms | Allocations: 103)
  Rendered layout layouts/application.html.erb (Duration: 31.8ms | Allocations: 3201)
Completed 200 OK in 38ms (Views: 36.0ms | Allocations: 4122)


Started GET "/about" for ::1 at 2023-06-01 09:15:38 -0400
  
ActionController::RoutingError (No route matches [GET] "/about"):
  
Started GET "/home/about" for ::1 at 2023-06-01 09:15:43 -0400
Processing by HomeController#about as HTML
  Rendering layout layouts/application.html.erb
  Rendering home/about.html.erb within layouts/application
  Rendered home/about.html.erb within layouts/application (Duration: 1.0ms | Allocations: 94)
  Rendered home/_header.html.erb (Duration: 0.0ms | Allocations: 9)
  Rendered layout layouts/application.html.erb (Duration: 6.6ms | Allocations: 2508)
Completed 200 OK in 9ms (Views: 7.3ms | Allocations: 2836)


Started GET "/home/about" for ::1 at 2023-06-01 09:18:45 -0400
Processing by HomeController#about as HTML
  Rendering layout layouts/application.html.erb
  Rendering home/about.html.erb within layouts/application
  Rendered home/about.html.erb within layouts/application (Duration: 0.9ms | Allocations: 120)
  Rendered home/_header.html.erb (Duration: 0.4ms | Allocations: 135)
  Rendered layout layouts/application.html.erb (Duration: 6.9ms | Allocations: 3207)
Completed 200 OK in 12ms (Views: 10.5ms | Allocations: 4104)


Started GET "/home/about" for ::1 at 2023-06-01 09:18:46 -0400
Processing by HomeController#about as HTML
  Rendering layout layouts/application.html.erb
  Rendering home/about.html.erb within layouts/application
  Rendered home/about.html.erb within layouts/application (Duration: 0.1ms | Allocations: 7)
  Rendered home/_header.html.erb (Duration: 0.0ms | Allocations: 9)
  Rendered layout layouts/application.html.erb (Duration: 5.9ms | Allocations: 2425)
Completed 200 OK in 8ms (Views: 6.8ms | Allocations: 2699)


Started GET "/home/about" for ::1 at 2023-06-01 09:19:10 -0400
Processing by HomeController#about as HTML
  Rendering layout layouts/application.html.erb
  Rendering home/about.html.erb within layouts/application
  Rendered home/about.html.erb within layouts/application (Duration: 1.0ms | Allocations: 120)
  Rendered home/_header.html.erb (Duration: 0.5ms | Allocations: 135)
  Rendered layout layouts/application.html.erb (Duration: 7.4ms | Allocations: 3210)
Completed 200 OK in 12ms (Views: 10.0ms | Allocations: 4112)


Started GET "/home/about" for ::1 at 2023-06-01 09:19:10 -0400
Processing by HomeController#about as HTML
  Rendering layout layouts/application.html.erb
  Rendering home/about.html.erb within layouts/application
  Rendered home/about.html.erb within layouts/application (Duration: 0.1ms | Allocations: 7)
  Rendered home/_header.html.erb (Duration: 0.1ms | Allocations: 9)
  Rendered layout layouts/application.html.erb (Duration: 5.9ms | Allocations: 2428)
Completed 200 OK in 8ms (Views: 6.6ms | Allocations: 2702)


Started GET "/home/about" for ::1 at 2023-06-01 09:19:39 -0400
Processing by HomeController#about as HTML
  Rendering layout layouts/application.html.erb
  Rendering home/about.html.erb within layouts/application
  Rendered home/about.html.erb within layouts/application (Duration: 0.6ms | Allocations: 120)
  Rendered home/_header.html.erb (Duration: 0.5ms | Allocations: 135)
  Rendered layout layouts/application.html.erb (Duration: 7.0ms | Allocations: 3216)
Completed 200 OK in 11ms (Views: 9.5ms | Allocations: 4118)


Started GET "/home/about" for ::1 at 2023-06-01 09:20:48 -0400
Processing by HomeController#about as HTML
  Rendering layout layouts/application.html.erb
  Rendering home/about.html.erb within layouts/application
  Rendered home/about.html.erb within layouts/application (Duration: 0.6ms | Allocations: 120)
  Rendered home/_header.html.erb (Duration: 0.4ms | Allocations: 135)
  Rendered layout layouts/application.html.erb (Duration: 7.2ms | Allocations: 3211)
Completed 200 OK in 12ms (Views: 10.2ms | Allocations: 4131)


Started GET "/" for ::1 at 2023-06-01 09:21:06 -0400
Processing by HomeController#index as HTML
  Rendering layout layouts/application.html.erb
  Rendering home/index.html.erb within layouts/application
  Rendered home/index.html.erb within layouts/application (Duration: 1.0ms | Allocations: 97)
  Rendered home/_header.html.erb (Duration: 0.0ms | Allocations: 9)
  Rendered layout layouts/application.html.erb (Duration: 6.3ms | Allocations: 2499)
Completed 200 OK in 8ms (Views: 6.9ms | Allocations: 2827)


Started GET "/" for ::1 at 2023-06-01 09:21:15 -0400
Processing by HomeController#index as HTML
  Rendering layout layouts/application.html.erb
  Rendering home/index.html.erb within layouts/application
  Rendered home/index.html.erb within layouts/application (Duration: 0.0ms | Allocations: 7)
  Rendered home/_header.html.erb (Duration: 0.0ms | Allocations: 9)
  Rendered layout layouts/application.html.erb (Duration: 4.5ms | Allocations: 2417)
Completed 200 OK in 6ms (Views: 4.9ms | Allocations: 2673)


Started GET "/home/about" for ::1 at 2023-06-01 09:21:26 -0400
Processing by HomeController#about as HTML
  Rendering layout layouts/application.html.erb
  Rendering home/about.html.erb within layouts/application
  Rendered home/about.html.erb within layouts/application (Duration: 0.1ms | Allocations: 7)
  Rendered home/_header.html.erb (Duration: 0.1ms | Allocations: 9)
  Rendered layout layouts/application.html.erb (Duration: 5.9ms | Allocations: 2425)
Completed 200 OK in 7ms (Views: 6.6ms | Allocations: 2681)


Started GET "/" for ::1 at 2023-06-01 09:22:29 -0400
Processing by HomeController#index as HTML
  Rendering layout layouts/application.html.erb
  Rendering home/index.html.erb within layouts/application
  Rendered home/index.html.erb within layouts/application (Duration: 0.9ms | Allocations: 123)
  Rendered home/_header.html.erb (Duration: 0.7ms | Allocations: 132)
  Rendered layout layouts/application.html.erb (Duration: 7.3ms | Allocations: 3211)
Completed 200 OK in 12ms (Views: 10.3ms | Allocations: 4113)


Started GET "/" for ::1 at 2023-06-01 09:22:52 -0400
Processing by HomeController#index as HTML
  Rendering layout layouts/application.html.erb
  Rendering home/index.html.erb within layouts/application
  Rendered home/index.html.erb within layouts/application (Duration: 0.6ms | Allocations: 123)
  Rendered home/_header.html.erb (Duration: 0.4ms | Allocations: 121)
  Rendered layout layouts/application.html.erb (Duration: 7.1ms | Allocations: 3215)
Completed 200 OK in 12ms (Views: 10.2ms | Allocations: 4135)


Started GET "/" for ::1 at 2023-06-01 09:24:44 -0400
Processing by HomeController#index as HTML
  Rendering layout layouts/application.html.erb
  Rendering home/index.html.erb within layouts/application
  Rendered home/index.html.erb within layouts/application (Duration: 0.5ms | Allocations: 123)
  Rendered home/_header.html.erb (Duration: 0.4ms | Allocations: 125)
  Rendered layout layouts/application.html.erb (Duration: 10.9ms | Allocations: 3224)
Completed 200 OK in 16ms (Views: 14.0ms | Allocations: 4145)


Started GET "/" for ::1 at 2023-06-01 09:24:51 -0400
Processing by HomeController#index as HTML
  Rendering layout layouts/application.html.erb
  Rendering home/index.html.erb within layouts/application
  Rendered home/index.html.erb within layouts/application (Duration: 0.5ms | Allocations: 123)
  Rendered home/_header.html.erb (Duration: 0.4ms | Allocations: 120)
  Rendered layout layouts/application.html.erb (Duration: 7.3ms | Allocations: 3195)
Completed 200 OK in 13ms (Views: 11.2ms | Allocations: 4118)


Started GET "/" for ::1 at 2023-06-01 09:25:42 -0400
Processing by HomeController#index as HTML
  Rendering layout layouts/application.html.erb
  Rendering home/index.html.erb within layouts/application
  Rendered home/index.html.erb within layouts/application (Duration: 0.5ms | Allocations: 123)
  Rendered home/_header.html.erb (Duration: 0.4ms | Allocations: 118)
  Rendered layout layouts/application.html.erb (Duration: 6.5ms | Allocations: 3197)
Completed 200 OK in 11ms (Views: 9.4ms | Allocations: 4117)


Started GET "/" for ::1 at 2023-06-01 09:28:41 -0400
Processing by HomeController#index as HTML
  Rendering layout layouts/application.html.erb
  Rendering home/index.html.erb within layouts/application
  Rendered home/index.html.erb within layouts/application (Duration: 0.7ms | Allocations: 123)
  Rendered home/_header.html.erb (Duration: 0.6ms | Allocations: 253)
  Rendered layout layouts/application.html.erb (Duration: 6.8ms | Allocations: 3353)
Completed 200 OK in 12ms (Views: 9.1ms | Allocations: 4273)


Started GET "/" for ::1 at 2023-06-01 09:28:43 -0400
Processing by HomeController#index as HTML
  Rendering layout layouts/application.html.erb
  Rendering home/index.html.erb within layouts/application
  Rendered home/index.html.erb within layouts/application (Duration: 0.1ms | Allocations: 7)
  Rendered home/_header.html.erb (Duration: 0.2ms | Allocations: 54)
  Rendered layout layouts/application.html.erb (Duration: 6.6ms | Allocations: 2458)
Completed 200 OK in 8ms (Views: 7.5ms | Allocations: 2732)


Started GET "/" for ::1 at 2023-06-01 09:28:59 -0400
Processing by HomeController#index as HTML
  Rendering layout layouts/application.html.erb
  Rendering home/index.html.erb within layouts/application
  Rendered home/index.html.erb within layouts/application (Duration: 0.6ms | Allocations: 123)
  Rendered home/_header.html.erb (Duration: 0.6ms | Allocations: 214)
  Rendered layout layouts/application.html.erb (Duration: 8.4ms | Allocations: 3311)
Completed 200 OK in 14ms (Views: 12.4ms | Allocations: 4216)


Started GET "/" for ::1 at 2023-06-01 09:29:05 -0400
Processing by HomeController#index as HTML
  Rendering layout layouts/application.html.erb
  Rendering home/index.html.erb within layouts/application
  Rendered home/index.html.erb within layouts/application (Duration: 0.6ms | Allocations: 123)
  Rendered home/_header.html.erb (Duration: 0.6ms | Allocations: 214)
  Rendered layout layouts/application.html.erb (Duration: 8.3ms | Allocations: 3299)
Completed 200 OK in 13ms (Views: 11.0ms | Allocations: 4219)


Started GET "/" for ::1 at 2023-06-01 09:29:11 -0400
Processing by HomeController#index as HTML
  Rendering layout layouts/application.html.erb
  Rendering home/index.html.erb within layouts/application
  Rendered home/index.html.erb within layouts/application (Duration: 0.0ms | Allocations: 7)
  Rendered home/_header.html.erb (Duration: 0.1ms | Allocations: 54)
  Rendered layout layouts/application.html.erb (Duration: 4.3ms | Allocations: 2464)
Completed 200 OK in 6ms (Views: 4.8ms | Allocations: 2740)


Started GET "/" for ::1 at 2023-06-01 09:29:12 -0400
Processing by HomeController#index as HTML
  Rendering layout layouts/application.html.erb
  Rendering home/index.html.erb within layouts/application
  Rendered home/index.html.erb within layouts/application (Duration: 0.1ms | Allocations: 7)
  Rendered home/_header.html.erb (Duration: 0.3ms | Allocations: 54)
  Rendered layout layouts/application.html.erb (Duration: 7.3ms | Allocations: 2455)
Completed 200 OK in 9ms (Views: 7.9ms | Allocations: 2714)


Started GET "/" for ::1 at 2023-06-01 09:29:33 -0400
Processing by HomeController#index as HTML
  Rendering layout layouts/application.html.erb
  Rendering home/index.html.erb within layouts/application
  Rendered home/index.html.erb within layouts/application (Duration: 0.1ms | Allocations: 7)
  Rendered home/_header.html.erb (Duration: 0.2ms | Allocations: 54)
  Rendered layout layouts/application.html.erb (Duration: 5.9ms | Allocations: 2464)
Completed 200 OK in 8ms (Views: 6.8ms | Allocations: 2722)


Started GET "/home/about" for ::1 at 2023-06-01 09:31:40 -0400
Processing by HomeController#about as HTML
  Rendering layout layouts/application.html.erb
  Rendering home/about.html.erb within layouts/application
  Rendered home/about.html.erb within layouts/application (Duration: 0.7ms | Allocations: 120)
  Rendered home/_header.html.erb (Duration: 0.7ms | Allocations: 213)
  Rendered layout layouts/application.html.erb (Duration: 7.7ms | Allocations: 3276)
Completed 200 OK in 12ms (Views: 10.5ms | Allocations: 4181)


Started GET "/home/about" for ::1 at 2023-06-01 09:31:41 -0400
Processing by HomeController#about as HTML
  Rendering layout layouts/application.html.erb
  Rendering home/about.html.erb within layouts/application
  Rendered home/about.html.erb within layouts/application (Duration: 0.0ms | Allocations: 7)
  Rendered home/_header.html.erb (Duration: 0.1ms | Allocations: 54)
  Rendered layout layouts/application.html.erb (Duration: 8.7ms | Allocations: 2469)
Completed 200 OK in 10ms (Views: 9.3ms | Allocations: 2743)


Started GET "/home/about" for ::1 at 2023-06-01 09:32:03 -0400
Processing by HomeController#about as HTML
  Rendering layout layouts/application.html.erb
  Rendering home/about.html.erb within layouts/application
  Rendered home/about.html.erb within layouts/application (Duration: 0.7ms | Allocations: 120)
  Rendered home/_header.html.erb (Duration: 0.9ms | Allocations: 213)
  Rendered layout layouts/application.html.erb (Duration: 8.0ms | Allocations: 3298)
Completed 200 OK in 13ms (Views: 10.8ms | Allocations: 4200)


Started GET "/home/about" for ::1 at 2023-06-01 09:32:19 -0400
Processing by HomeController#about as HTML
  Rendering layout layouts/application.html.erb
  Rendering home/about.html.erb within layouts/application
  Rendered home/about.html.erb within layouts/application (Duration: 0.6ms | Allocations: 120)
  Rendered home/_header.html.erb (Duration: 0.7ms | Allocations: 213)
  Rendered layout layouts/application.html.erb (Duration: 6.8ms | Allocations: 3273)
Completed 200 OK in 12ms (Views: 9.7ms | Allocations: 4193)


Started GET "/home/about" for ::1 at 2023-06-01 09:32:20 -0400
Processing by HomeController#about as HTML
  Rendering layout layouts/application.html.erb
  Rendering home/about.html.erb within layouts/application
  Rendered home/about.html.erb within layouts/application (Duration: 0.1ms | Allocations: 7)
  Rendered home/_header.html.erb (Duration: 0.2ms | Allocations: 54)
  Rendered layout layouts/application.html.erb (Duration: 5.2ms | Allocations: 2473)
Completed 200 OK in 7ms (Views: 5.9ms | Allocations: 2747)


Started GET "/home/about" for ::1 at 2023-06-01 09:32:30 -0400
Processing by HomeController#about as HTML
  Rendering layout layouts/application.html.erb
  Rendering home/about.html.erb within layouts/application
  Rendered home/about.html.erb within layouts/application (Duration: 0.5ms | Allocations: 120)
  Rendered home/_header.html.erb (Duration: 0.7ms | Allocations: 213)
  Rendered layout layouts/application.html.erb (Duration: 7.3ms | Allocations: 3292)
Completed 200 OK in 12ms (Views: 10.0ms | Allocations: 4195)


Started GET "/" for ::1 at 2023-06-01 09:32:32 -0400
Processing by HomeController#index as HTML
  Rendering layout layouts/application.html.erb
  Rendering home/index.html.erb within layouts/application
  Rendered home/index.html.erb within layouts/application (Duration: 0.7ms | Allocations: 97)
  Rendered home/_header.html.erb (Duration: 0.1ms | Allocations: 54)
  Rendered layout layouts/application.html.erb (Duration: 6.3ms | Allocations: 2559)
Completed 200 OK in 8ms (Views: 6.9ms | Allocations: 2888)


Started GET "/" for ::1 at 2023-06-01 09:32:35 -0400
Processing by HomeController#index as HTML
  Rendering layout layouts/application.html.erb
  Rendering home/index.html.erb within layouts/application
  Rendered home/index.html.erb within layouts/application (Duration: 0.1ms | Allocations: 7)
  Rendered home/_header.html.erb (Duration: 0.2ms | Allocations: 54)
  Rendered layout layouts/application.html.erb (Duration: 5.5ms | Allocations: 2458)
Completed 200 OK in 7ms (Views: 6.3ms | Allocations: 2716)


Started GET "/home/about" for ::1 at 2023-06-01 09:32:42 -0400
Processing by HomeController#about as HTML
  Rendering layout layouts/application.html.erb
  Rendering home/about.html.erb within layouts/application
  Rendered home/about.html.erb within layouts/application (Duration: 0.0ms | Allocations: 7)
  Rendered home/_header.html.erb (Duration: 0.2ms | Allocations: 54)
  Rendered layout layouts/application.html.erb (Duration: 5.6ms | Allocations: 2469)
Completed 200 OK in 7ms (Views: 6.2ms | Allocations: 2725)


Started GET "/" for ::1 at 2023-06-01 09:32:43 -0400
Processing by HomeController#index as HTML
  Rendering layout layouts/application.html.erb
  Rendering home/index.html.erb within layouts/application
  Rendered home/index.html.erb within layouts/application (Duration: 0.1ms | Allocations: 7)
  Rendered home/_header.html.erb (Duration: 0.2ms | Allocations: 54)
  Rendered layout layouts/application.html.erb (Duration: 5.4ms | Allocations: 2497)
Completed 200 OK in 7ms (Views: 6.1ms | Allocations: 2755)


Started GET "/" for ::1 at 2023-06-01 09:33:37 -0400
Processing by HomeController#index as HTML
  Rendering layout layouts/application.html.erb
  Rendering home/index.html.erb within layouts/application
  Rendered home/index.html.erb within layouts/application (Duration: 0.7ms | Allocations: 123)
  Rendered home/_header.html.erb (Duration: 0.6ms | Allocations: 218)
  Rendered layout layouts/application.html.erb (Duration: 11.0ms | Allocations: 3315)
Completed 200 OK in 16ms (Views: 13.7ms | Allocations: 4218)


Started GET "/home/about" for ::1 at 2023-06-01 09:33:43 -0400
Processing by HomeController#about as HTML
  Rendering layout layouts/application.html.erb
  Rendering home/about.html.erb within layouts/application
  Rendered home/about.html.erb within layouts/application (Duration: 0.5ms | Allocations: 94)
  Rendered home/_header.html.erb (Duration: 0.3ms | Allocations: 54)
  Rendered layout layouts/application.html.erb (Duration: 5.8ms | Allocations: 2554)
Completed 200 OK in 8ms (Views: 6.9ms | Allocations: 2881)


Started GET "/" for ::1 at 2023-06-01 09:36:35 -0400
Processing by HomeController#index as HTML
  Rendering layout layouts/application.html.erb
  Rendering home/index.html.erb within layouts/application
  Rendered home/index.html.erb within layouts/application (Duration: 0.7ms | Allocations: 123)
  Rendered home/_header.html.erb (Duration: 0.7ms | Allocations: 280)
  Rendered layout layouts/application.html.erb (Duration: 7.8ms | Allocations: 3362)
Completed 200 OK in 13ms (Views: 10.7ms | Allocations: 4267)


Started GET "/home/about" for ::1 at 2023-06-01 09:36:36 -0400
Processing by HomeController#about as HTML
  Rendering layout layouts/application.html.erb
  Rendering home/about.html.erb within layouts/application
  Rendered home/about.html.erb within layouts/application (Duration: 0.7ms | Allocations: 94)
  Rendered home/_header.html.erb (Duration: 0.2ms | Allocations: 92)
  Rendered layout layouts/application.html.erb (Duration: 6.2ms | Allocations: 2590)
Completed 200 OK in 8ms (Views: 6.9ms | Allocations: 2919)


Started GET "/" for ::1 at 2023-06-01 09:36:37 -0400
Processing by HomeController#index as HTML
  Rendering layout layouts/application.html.erb
  Rendering home/index.html.erb within layouts/application
  Rendered home/index.html.erb within layouts/application (Duration: 0.0ms | Allocations: 7)
  Rendered home/_header.html.erb (Duration: 0.2ms | Allocations: 92)
  Rendered layout layouts/application.html.erb (Duration: 4.2ms | Allocations: 2496)
Completed 200 OK in 6ms (Views: 4.9ms | Allocations: 2754)


Started GET "/home/about" for ::1 at 2023-06-01 09:36:43 -0400
Processing by HomeController#about as HTML
  Rendering layout layouts/application.html.erb
  Rendering home/about.html.erb within layouts/application
  Rendered home/about.html.erb within layouts/application (Duration: 0.0ms | Allocations: 7)
  Rendered home/_header.html.erb (Duration: 0.2ms | Allocations: 92)
  Rendered layout layouts/application.html.erb (Duration: 3.9ms | Allocations: 2501)
Completed 200 OK in 6ms (Views: 4.5ms | Allocations: 2759)


Started GET "/" for ::1 at 2023-06-01 09:36:44 -0400
Processing by HomeController#index as HTML
  Rendering layout layouts/application.html.erb
  Rendering home/index.html.erb within layouts/application
  Rendered home/index.html.erb within layouts/application (Duration: 0.1ms | Allocations: 7)
  Rendered home/_header.html.erb (Duration: 0.2ms | Allocations: 92)
  Rendered layout layouts/application.html.erb (Duration: 4.7ms | Allocations: 2505)
Completed 200 OK in 6ms (Views: 5.3ms | Allocations: 2763)


Started GET "/home/about" for ::1 at 2023-06-01 09:36:44 -0400
Processing by HomeController#about as HTML
  Rendering layout layouts/application.html.erb
  Rendering home/about.html.erb within layouts/application
  Rendered home/about.html.erb within layouts/application (Duration: 0.0ms | Allocations: 7)
  Rendered home/_header.html.erb (Duration: 0.2ms | Allocations: 92)
  Rendered layout layouts/application.html.erb (Duration: 4.9ms | Allocations: 2522)
Completed 200 OK in 6ms (Views: 5.4ms | Allocations: 2780)


Started GET "/" for ::1 at 2023-06-01 09:36:45 -0400
Processing by HomeController#index as HTML
  Rendering layout layouts/application.html.erb
  Rendering home/index.html.erb within layouts/application
  Rendered home/index.html.erb within layouts/application (Duration: 0.0ms | Allocations: 7)
  Rendered home/_header.html.erb (Duration: 0.2ms | Allocations: 92)
  Rendered layout layouts/application.html.erb (Duration: 5.0ms | Allocations: 2516)
Completed 200 OK in 6ms (Views: 5.4ms | Allocations: 2774)


Started GET "/home/about" for ::1 at 2023-06-01 09:36:46 -0400
Processing by HomeController#about as HTML
  Rendering layout layouts/application.html.erb
  Rendering home/about.html.erb within layouts/application
  Rendered home/about.html.erb within layouts/application (Duration: 0.0ms | Allocations: 7)
  Rendered home/_header.html.erb (Duration: 0.3ms | Allocations: 92)
  Rendered layout layouts/application.html.erb (Duration: 4.3ms | Allocations: 2505)
Completed 200 OK in 6ms (Views: 5.3ms | Allocations: 2763)


Started GET "/" for ::1 at 2023-06-01 09:36:46 -0400
Processing by HomeController#index as HTML
  Rendering layout layouts/application.html.erb
  Rendering home/index.html.erb within layouts/application
  Rendered home/index.html.erb within layouts/application (Duration: 0.0ms | Allocations: 7)
  Rendered home/_header.html.erb (Duration: 0.2ms | Allocations: 92)
  Rendered layout layouts/application.html.erb (Duration: 4.3ms | Allocations: 2508)
Completed 200 OK in 6ms (Views: 4.8ms | Allocations: 2767)


Started GET "/" for ::1 at 2023-06-01 09:47:10 -0400
Processing by HomeController#index as HTML
  Rendering layout layouts/application.html.erb
  Rendering home/index.html.erb within layouts/application
  Rendered home/index.html.erb within layouts/application (Duration: 0.4ms | Allocations: 335)
  Rendered home/_header.html.erb (Duration: 0.4ms | Allocations: 340)
  Rendered layout layouts/application.html.erb (Duration: 19.3ms | Allocations: 36261)
Completed 200 OK in 24ms (Views: 20.6ms | ActiveRecord: 0.0ms | Allocations: 40483)


Started GET "/" for ::1 at 2023-06-01 09:47:40 -0400
Processing by HomeController#index as HTML
  Rendering layout layouts/application.html.erb
  Rendering home/index.html.erb within layouts/application
  Rendered home/index.html.erb within layouts/application (Duration: 0.9ms | Allocations: 335)
  Rendered home/_header.html.erb (Duration: 0.5ms | Allocations: 340)
  Rendered layout layouts/application.html.erb (Duration: 22.1ms | Allocations: 35961)
Completed 200 OK in 30ms (Views: 24.8ms | ActiveRecord: 0.0ms | Allocations: 40106)


  [1m[35m (1.0ms)[0m  [1m[35mCREATE TABLE "schema_migrations" ("version" varchar NOT NULL PRIMARY KEY)[0m
  [1m[35m (0.3ms)[0m  [1m[35mCREATE TABLE "ar_internal_metadata" ("key" varchar NOT NULL PRIMARY KEY, "value" varchar, "created_at" datetime(6) NOT NULL, "updated_at" datetime(6) NOT NULL)[0m
  [1m[36mActiveRecord::SchemaMigration Pluck (0.1ms)[0m  [1m[34mSELECT "schema_migrations"."version" FROM "schema_migrations" ORDER BY "schema_migrations"."version" ASC[0m
Migrating to CreateFriends (20230601222041)
  [1m[36mTRANSACTION (0.0ms)[0m  [1m[36mbegin transaction[0m
  [1m[35m (0.1ms)[0m  [1m[35mCREATE TABLE "friends" ("id" integer PRIMARY KEY AUTOINCREMENT NOT NULL, "first_name" varchar, "last_name" varchar, "email" varchar, "phone" varchar, "twitter" varchar, "created_at" datetime(6) NOT NULL, "updated_at" datetime(6) NOT NULL)[0m
  [1m[36mActiveRecord::SchemaMigration Create (0.1ms)[0m  [1m[32mINSERT INTO "schema_migrations" ("version") VALUES (?)[0m  [["version", "20230601222041"]]
  [1m[36mTRANSACTION (0.3ms)[0m  [1m[36mcommit transaction[0m
  [1m[36mActiveRecord::InternalMetadata Load (0.2ms)[0m  [1m[34mSELECT "ar_internal_metadata".* FROM "ar_internal_metadata" WHERE "ar_internal_metadata"."key" = ? LIMIT ?[0m  [["key", "environment"], ["LIMIT", 1]]
  [1m[36mTRANSACTION (0.0ms)[0m  [1m[36mbegin transaction[0m
  [1m[36mActiveRecord::InternalMetadata Create (0.4ms)[0m  [1m[32mINSERT INTO "ar_internal_metadata" ("key", "value", "created_at", "updated_at") VALUES (?, ?, ?, ?)[0m  [["key", "environment"], ["value", "development"], ["created_at", "2023-06-01 22:24:09.538691"], ["updated_at", "2023-06-01 22:24:09.538691"]]
  [1m[36mTRANSACTION (0.3ms)[0m  [1m[36mcommit transaction[0m
  [1m[36mActiveRecord::SchemaMigration Pluck (0.0ms)[0m  [1m[34mSELECT "schema_migrations"."version" FROM "schema_migrations" ORDER BY "schema_migrations"."version" ASC[0m
Started GET "/" for ::1 at 2023-06-01 18:30:33 -0400
  [1m[36mActiveRecord::SchemaMigration Pluck (0.2ms)[0m  [1m[34mSELECT "schema_migrations"."version" FROM "schema_migrations" ORDER BY "schema_migrations"."version" ASC[0m
Processing by HomeController#index as HTML
  Rendering layout layouts/application.html.erb
  Rendering home/index.html.erb within layouts/application
  Rendered home/index.html.erb within layouts/application (Duration: 0.5ms | Allocations: 335)
  Rendered home/_header.html.erb (Duration: 0.6ms | Allocations: 340)
  Rendered layout layouts/application.html.erb (Duration: 21.7ms | Allocations: 36247)
Completed 200 OK in 26ms (Views: 22.9ms | ActiveRecord: 0.0ms | Allocations: 40407)


Started GET "/" for ::1 at 2023-06-01 18:40:13 -0400
Processing by HomeController#index as HTML
  Rendering layout layouts/application.html.erb
  Rendering home/index.html.erb within layouts/application
  Rendered home/index.html.erb within layouts/application (Duration: 0.1ms | Allocations: 9)
  Rendered home/_header.html.erb (Duration: 0.2ms | Allocations: 104)
  Rendered layout layouts/application.html.erb (Duration: 5.9ms | Allocations: 2748)
Completed 200 OK in 8ms (Views: 6.8ms | Allocations: 3067)


Started GET "/" for ::1 at 2023-06-01 18:40:15 -0400
Processing by HomeController#index as HTML
  Rendering layout layouts/application.html.erb
  Rendering home/index.html.erb within layouts/application
  Rendered home/index.html.erb within layouts/application (Duration: 0.1ms | Allocations: 7)
  Rendered home/_header.html.erb (Duration: 0.3ms | Allocations: 92)
  Rendered layout layouts/application.html.erb (Duration: 5.6ms | Allocations: 2518)
Completed 200 OK in 7ms (Views: 6.2ms | Allocations: 2778)


Started GET "/" for ::1 at 2023-06-01 18:40:16 -0400
Processing by HomeController#index as HTML
  Rendering layout layouts/application.html.erb
  Rendering home/index.html.erb within layouts/application
  Rendered home/index.html.erb within layouts/application (Duration: 0.1ms | Allocations: 7)
  Rendered home/_header.html.erb (Duration: 0.3ms | Allocations: 92)
  Rendered layout layouts/application.html.erb (Duration: 5.4ms | Allocations: 2493)
Completed 200 OK in 7ms (Views: 6.0ms | Allocations: 2749)


Started GET "/friend" for ::1 at 2023-06-01 18:41:19 -0400
  
ActionController::RoutingError (No route matches [GET] "/friend"):
  
Started GET "/friends" for ::1 at 2023-06-01 18:41:22 -0400
Processing by FriendsController#index as HTML
  Rendering layout layouts/application.html.erb
  Rendering friends/index.html.erb within layouts/application
  [1m[36mFriend Load (0.2ms)[0m  [1m[34mSELECT "friends".* FROM "friends"[0m
  ↳ app/views/friends/index.html.erb:6
  Rendered friends/index.html.erb within layouts/application (Duration: 4.3ms | Allocations: 1486)
  Rendered home/_header.html.erb (Duration: 0.1ms | Allocations: 92)
  Rendered layout layouts/application.html.erb (Duration: 8.3ms | Allocations: 4071)
Completed 200 OK in 16ms (Views: 10.1ms | ActiveRecord: 0.7ms | Allocations: 5700)


Started GET "/friends/new" for ::1 at 2023-06-01 18:42:00 -0400
Processing by FriendsController#new as HTML
  Rendering layout layouts/application.html.erb
  Rendering friends/new.html.erb within layouts/application
  Rendered friends/_form.html.erb (Duration: 6.6ms | Allocations: 3274)
  Rendered friends/new.html.erb within layouts/application (Duration: 7.7ms | Allocations: 3604)
  Rendered home/_header.html.erb (Duration: 0.1ms | Allocations: 84)
  Rendered layout layouts/application.html.erb (Duration: 10.2ms | Allocations: 6080)
Completed 200 OK in 35ms (Views: 10.7ms | ActiveRecord: 0.9ms | Allocations: 14616)


Started POST "/friends" for ::1 at 2023-06-01 18:43:09 -0400
Processing by FriendsController#create as TURBO_STREAM
  Parameters: {"authenticity_token"=>"[FILTERED]", "friend"=>{"first_name"=>"Cristobal", "last_name"=>"Perez", "email"=>"cpereznov20@gmail.com", "phone"=>"+56972433012", "twitter"=>"cp7"}, "commit"=>"Create Friend"}
  [1m[36mTRANSACTION (0.1ms)[0m  [1m[36mbegin transaction[0m
  ↳ app/controllers/friends_controller.rb:27:in `block in create'
  [1m[36mFriend Create (1.1ms)[0m  [1m[32mINSERT INTO "friends" ("first_name", "last_name", "email", "phone", "twitter", "created_at", "updated_at") VALUES (?, ?, ?, ?, ?, ?, ?)[0m  [["first_name", "Cristobal"], ["last_name", "Perez"], ["email", "cpereznov20@gmail.com"], ["phone", "+56972433012"], ["twitter", "cp7"], ["created_at", "2023-06-01 22:43:09.381247"], ["updated_at", "2023-06-01 22:43:09.381247"]]
  ↳ app/controllers/friends_controller.rb:27:in `block in create'
  [1m[36mTRANSACTION (0.6ms)[0m  [1m[36mcommit transaction[0m
  ↳ app/controllers/friends_controller.rb:27:in `block in create'
Redirected to http://localhost:3000/friends/1
Completed 302 Found in 8ms (ActiveRecord: 1.7ms | Allocations: 3780)


Started GET "/friends/1" for ::1 at 2023-06-01 18:43:09 -0400
Processing by FriendsController#show as TURBO_STREAM
  Parameters: {"id"=>"1"}
  [1m[36mFriend Load (0.1ms)[0m  [1m[34mSELECT "friends".* FROM "friends" WHERE "friends"."id" = ? LIMIT ?[0m  [["id", 1], ["LIMIT", 1]]
  ↳ app/controllers/friends_controller.rb:63:in `set_friend'
  Rendering layout layouts/application.html.erb
  Rendering friends/show.html.erb within layouts/application
  Rendered friends/_friend.html.erb (Duration: 0.5ms | Allocations: 299)
  Rendered friends/show.html.erb within layouts/application (Duration: 3.1ms | Allocations: 1644)
  Rendered home/_header.html.erb (Duration: 0.1ms | Allocations: 82)
  Rendered layout layouts/application.html.erb (Duration: 5.2ms | Allocations: 4092)
Completed 200 OK in 8ms (Views: 5.5ms | ActiveRecord: 0.1ms | Allocations: 6918)


Started GET "/friends" for ::1 at 2023-06-01 18:43:13 -0400
Processing by FriendsController#index as HTML
  Rendering layout layouts/application.html.erb
  Rendering friends/index.html.erb within layouts/application
  [1m[36mFriend Load (0.3ms)[0m  [1m[34mSELECT "friends".* FROM "friends"[0m
  ↳ app/views/friends/index.html.erb:6
  Rendered friends/_friend.html.erb (Duration: 0.1ms | Allocations: 25)
  Rendered friends/index.html.erb within layouts/application (Duration: 3.4ms | Allocations: 982)
  Rendered home/_header.html.erb (Duration: 0.1ms | Allocations: 82)
  Rendered layout layouts/application.html.erb (Duration: 7.7ms | Allocations: 3315)
Completed 200 OK in 10ms (Views: 8.3ms | ActiveRecord: 0.3ms | Allocations: 3624)


Started GET "/friends/new" for ::1 at 2023-06-01 18:43:30 -0400
Processing by FriendsController#new as HTML
  Rendering layout layouts/application.html.erb
  Rendering friends/new.html.erb within layouts/application
  Rendered friends/_form.html.erb (Duration: 3.2ms | Allocations: 1650)
  Rendered friends/new.html.erb within layouts/application (Duration: 3.5ms | Allocations: 1737)
  Rendered home/_header.html.erb (Duration: 0.1ms | Allocations: 82)
  Rendered layout layouts/application.html.erb (Duration: 8.0ms | Allocations: 4068)
Completed 200 OK in 10ms (Views: 8.7ms | ActiveRecord: 0.0ms | Allocations: 4356)


Started POST "/friends" for ::1 at 2023-06-01 18:43:54 -0400
Processing by FriendsController#create as TURBO_STREAM
  Parameters: {"authenticity_token"=>"[FILTERED]", "friend"=>{"first_name"=>"John", "last_name"=>"Miller", "email"=>"jmiller@gmail.com", "phone"=>"56978246813", "twitter"=>"jmiller"}, "commit"=>"Create Friend"}
  [1m[36mTRANSACTION (0.1ms)[0m  [1m[36mbegin transaction[0m
  ↳ app/controllers/friends_controller.rb:27:in `block in create'
  [1m[36mFriend Create (0.8ms)[0m  [1m[32mINSERT INTO "friends" ("first_name", "last_name", "email", "phone", "twitter", "created_at", "updated_at") VALUES (?, ?, ?, ?, ?, ?, ?)[0m  [["first_name", "John"], ["last_name", "Miller"], ["email", "jmiller@gmail.com"], ["phone", "56978246813"], ["twitter", "jmiller"], ["created_at", "2023-06-01 22:43:54.119247"], ["updated_at", "2023-06-01 22:43:54.119247"]]
  ↳ app/controllers/friends_controller.rb:27:in `block in create'
  [1m[36mTRANSACTION (0.9ms)[0m  [1m[36mcommit transaction[0m
  ↳ app/controllers/friends_controller.rb:27:in `block in create'
Redirected to http://localhost:3000/friends/2
Completed 302 Found in 8ms (ActiveRecord: 1.8ms | Allocations: 2354)


Started GET "/friends/2" for ::1 at 2023-06-01 18:43:54 -0400
Processing by FriendsController#show as TURBO_STREAM
  Parameters: {"id"=>"2"}
  [1m[36mFriend Load (0.1ms)[0m  [1m[34mSELECT "friends".* FROM "friends" WHERE "friends"."id" = ? LIMIT ?[0m  [["id", 2], ["LIMIT", 1]]
  ↳ app/controllers/friends_controller.rb:63:in `set_friend'
  Rendering layout layouts/application.html.erb
  Rendering friends/show.html.erb within layouts/application
  Rendered friends/_friend.html.erb (Duration: 0.1ms | Allocations: 25)
  Rendered friends/show.html.erb within layouts/application (Duration: 1.0ms | Allocations: 594)
  Rendered home/_header.html.erb (Duration: 0.1ms | Allocations: 82)
  Rendered layout layouts/application.html.erb (Duration: 4.5ms | Allocations: 2917)
Completed 200 OK in 6ms (Views: 4.8ms | ActiveRecord: 0.1ms | Allocations: 3667)


Started GET "/friends" for ::1 at 2023-06-01 18:43:55 -0400
Processing by FriendsController#index as HTML
  Rendering layout layouts/application.html.erb
  Rendering friends/index.html.erb within layouts/application
  [1m[36mFriend Load (0.3ms)[0m  [1m[34mSELECT "friends".* FROM "friends"[0m
  ↳ app/views/friends/index.html.erb:6
  Rendered friends/_friend.html.erb (Duration: 0.2ms | Allocations: 25)
  Rendered friends/_friend.html.erb (Duration: 0.1ms | Allocations: 24)
  Rendered friends/index.html.erb within layouts/application (Duration: 4.1ms | Allocations: 1020)
  Rendered home/_header.html.erb (Duration: 0.1ms | Allocations: 82)
  Rendered layout layouts/application.html.erb (Duration: 8.8ms | Allocations: 3351)
Completed 200 OK in 11ms (Views: 9.2ms | ActiveRecord: 0.3ms | Allocations: 3624)


Started GET "/friends/1" for ::1 at 2023-06-01 18:46:23 -0400
Processing by FriendsController#show as HTML
  Parameters: {"id"=>"1"}
  [1m[36mFriend Load (0.2ms)[0m  [1m[34mSELECT "friends".* FROM "friends" WHERE "friends"."id" = ? LIMIT ?[0m  [["id", 1], ["LIMIT", 1]]
  ↳ app/controllers/friends_controller.rb:63:in `set_friend'
  Rendering layout layouts/application.html.erb
  Rendering friends/show.html.erb within layouts/application
  Rendered friends/_friend.html.erb (Duration: 0.1ms | Allocations: 25)
  Rendered friends/show.html.erb within layouts/application (Duration: 1.5ms | Allocations: 560)
  Rendered home/_header.html.erb (Duration: 0.1ms | Allocations: 82)
  Rendered layout layouts/application.html.erb (Duration: 6.2ms | Allocations: 2883)
Completed 200 OK in 10ms (Views: 6.8ms | ActiveRecord: 0.2ms | Allocations: 3620)


Started DELETE "/friends/1" for ::1 at 2023-06-01 18:46:27 -0400
Processing by FriendsController#destroy as TURBO_STREAM
  Parameters: {"authenticity_token"=>"[FILTERED]", "id"=>"1"}
  [1m[36mFriend Load (0.2ms)[0m  [1m[34mSELECT "friends".* FROM "friends" WHERE "friends"."id" = ? LIMIT ?[0m  [["id", 1], ["LIMIT", 1]]
  ↳ app/controllers/friends_controller.rb:63:in `set_friend'
  [1m[36mTRANSACTION (0.1ms)[0m  [1m[36mbegin transaction[0m
  ↳ app/controllers/friends_controller.rb:52:in `destroy'
  [1m[36mFriend Destroy (0.5ms)[0m  [1m[31mDELETE FROM "friends" WHERE "friends"."id" = ?[0m  [["id", 1]]
  ↳ app/controllers/friends_controller.rb:52:in `destroy'
  [1m[36mTRANSACTION (0.9ms)[0m  [1m[36mcommit transaction[0m
  ↳ app/controllers/friends_controller.rb:52:in `destroy'
Redirected to http://localhost:3000/friends
Completed 302 Found in 8ms (ActiveRecord: 1.7ms | Allocations: 2473)


Started GET "/friends" for ::1 at 2023-06-01 18:46:27 -0400
Processing by FriendsController#index as TURBO_STREAM
  Rendering layout layouts/application.html.erb
  Rendering friends/index.html.erb within layouts/application
  [1m[36mFriend Load (0.1ms)[0m  [1m[34mSELECT "friends".* FROM "friends"[0m
  ↳ app/views/friends/index.html.erb:6
  Rendered friends/_friend.html.erb (Duration: 0.1ms | Allocations: 25)
  Rendered friends/index.html.erb within layouts/application (Duration: 1.1ms | Allocations: 908)
  Rendered home/_header.html.erb (Duration: 0.1ms | Allocations: 82)
  Rendered layout layouts/application.html.erb (Duration: 3.1ms | Allocations: 3239)
Completed 200 OK in 4ms (Views: 3.3ms | ActiveRecord: 0.1ms | Allocations: 3515)


Started GET "/friends/2" for ::1 at 2023-06-01 18:46:29 -0400
Processing by FriendsController#show as HTML
  Parameters: {"id"=>"2"}
  [1m[36mFriend Load (0.3ms)[0m  [1m[34mSELECT "friends".* FROM "friends" WHERE "friends"."id" = ? LIMIT ?[0m  [["id", 2], ["LIMIT", 1]]
  ↳ app/controllers/friends_controller.rb:63:in `set_friend'
  Rendering layout layouts/application.html.erb
  Rendering friends/show.html.erb within layouts/application
  Rendered friends/_friend.html.erb (Duration: 0.2ms | Allocations: 25)
  Rendered friends/show.html.erb within layouts/application (Duration: 1.7ms | Allocations: 548)
  Rendered home/_header.html.erb (Duration: 0.1ms | Allocations: 82)
  Rendered layout layouts/application.html.erb (Duration: 6.5ms | Allocations: 2871)
Completed 200 OK in 10ms (Views: 7.2ms | ActiveRecord: 0.3ms | Allocations: 3616)


Started DELETE "/friends/2" for ::1 at 2023-06-01 18:46:30 -0400
Processing by FriendsController#destroy as TURBO_STREAM
  Parameters: {"authenticity_token"=>"[FILTERED]", "id"=>"2"}
  [1m[36mFriend Load (0.2ms)[0m  [1m[34mSELECT "friends".* FROM "friends" WHERE "friends"."id" = ? LIMIT ?[0m  [["id", 2], ["LIMIT", 1]]
  ↳ app/controllers/friends_controller.rb:63:in `set_friend'
  [1m[36mTRANSACTION (0.1ms)[0m  [1m[36mbegin transaction[0m
  ↳ app/controllers/friends_controller.rb:52:in `destroy'
  [1m[36mFriend Destroy (0.6ms)[0m  [1m[31mDELETE FROM "friends" WHERE "friends"."id" = ?[0m  [["id", 2]]
  ↳ app/controllers/friends_controller.rb:52:in `destroy'
  [1m[36mTRANSACTION (0.8ms)[0m  [1m[36mcommit transaction[0m
  ↳ app/controllers/friends_controller.rb:52:in `destroy'
Redirected to http://localhost:3000/friends
Completed 302 Found in 18ms (ActiveRecord: 1.6ms | Allocations: 2376)


Started GET "/friends" for ::1 at 2023-06-01 18:46:30 -0400
Processing by FriendsController#index as TURBO_STREAM
  Rendering layout layouts/application.html.erb
  Rendering friends/index.html.erb within layouts/application
  [1m[36mFriend Load (0.1ms)[0m  [1m[34mSELECT "friends".* FROM "friends"[0m
  ↳ app/views/friends/index.html.erb:6
  Rendered friends/index.html.erb within layouts/application (Duration: 4.1ms | Allocations: 774)
  Rendered home/_header.html.erb (Duration: 0.1ms | Allocations: 83)
  Rendered layout layouts/application.html.erb (Duration: 11.5ms | Allocations: 3109)
Completed 200 OK in 12ms (Views: 11.7ms | ActiveRecord: 0.1ms | Allocations: 3385)


Started GET "/friends" for ::1 at 2023-06-01 18:50:49 -0400
Processing by FriendsController#index as HTML
  Rendering layout layouts/application.html.erb
  Rendering friends/index.html.erb within layouts/application
  [1m[36mFriend Load (0.1ms)[0m  [1m[34mSELECT "friends".* FROM "friends"[0m
  ↳ app/views/friends/index.html.erb:6
  Rendered friends/index.html.erb within layouts/application (Duration: 7.4ms | Allocations: 1165)
  Rendered home/_header.html.erb (Duration: 0.4ms | Allocations: 314)
  Rendered layout layouts/application.html.erb (Duration: 32.5ms | Allocations: 4216)
Completed 200 OK in 40ms (Views: 38.5ms | ActiveRecord: 0.1ms | Allocations: 5158)


Started GET "/friends" for ::1 at 2023-06-01 18:51:25 -0400
Processing by FriendsController#index as HTML
  Rendering layout layouts/application.html.erb
  Rendering friends/index.html.erb within layouts/application
  [1m[36mFriend Load (0.2ms)[0m  [1m[34mSELECT "friends".* FROM "friends"[0m
  ↳ app/views/friends/index.html.erb:6
  Rendered friends/index.html.erb within layouts/application (Duration: 3.9ms | Allocations: 1168)
  Rendered home/_header.html.erb (Duration: 19.7ms | Allocations: 5109)
  Rendered layout layouts/application.html.erb (Duration: 28.5ms | Allocations: 8998)
Completed 500 Internal Server Error in 32ms (ActiveRecord: 0.2ms | Allocations: 9950)


  
ActionView::Template::Error (undefined local variable or method `new_friends_path' for #<ActionView::Base:0x0000000000bba8>

          '.freeze;@output_buffer.append=( link_to "Add Friend", new_friends_path, class:"nav-link" );@output_buffer.safe_append='
                                                                 ^^^^^^^^^^^^^^^^
Did you mean?  new_friend_path):
    15:         </li>
    16: 
    17:         <li class="nav-item">
    18:           <%= link_to "Add Friend", new_friends_path, class:"nav-link" %>
    19:         </li>
    20: 
    21:       </ul>
  
app/views/home/_header.html.erb:18
app/views/layouts/application.html.erb:14
Started GET "/friends" for ::1 at 2023-06-01 18:52:36 -0400
  [1m[36mActiveRecord::SchemaMigration Pluck (0.0ms)[0m  [1m[34mSELECT "schema_migrations"."version" FROM "schema_migrations" ORDER BY "schema_migrations"."version" ASC[0m
Processing by FriendsController#index as HTML
  Rendering layout layouts/application.html.erb
  Rendering friends/index.html.erb within layouts/application
  [1m[36mFriend Load (0.0ms)[0m  [1m[34mSELECT "friends".* FROM "friends"[0m
  ↳ app/views/friends/index.html.erb:6
  Rendered friends/index.html.erb within layouts/application (Duration: 1.6ms | Allocations: 1760)
  Rendered home/_header.html.erb (Duration: 0.2ms | Allocations: 385)
  Rendered layout layouts/application.html.erb (Duration: 16.1ms | Allocations: 37343)
Completed 200 OK in 21ms (Views: 17.1ms | ActiveRecord: 0.0ms | Allocations: 42274)


Started GET "/friends" for ::1 at 2023-06-01 18:54:51 -0400
Processing by FriendsController#index as HTML
  Rendering layout layouts/application.html.erb
  Rendering friends/index.html.erb within layouts/application
  [1m[36mFriend Load (0.2ms)[0m  [1m[34mSELECT "friends".* FROM "friends"[0m
  ↳ app/views/friends/index.html.erb:6
  Rendered friends/index.html.erb within layouts/application (Duration: 2.9ms | Allocations: 1175)
  Rendered home/_header.html.erb (Duration: 0.6ms | Allocations: 369)
  Rendered layout layouts/application.html.erb (Duration: 8.2ms | Allocations: 4267)
Completed 200 OK in 12ms (Views: 10.4ms | ActiveRecord: 0.2ms | Allocations: 5279)


Started GET "/friends/new" for ::1 at 2023-06-01 18:56:53 -0400
Processing by FriendsController#new as HTML
  Rendering layout layouts/application.html.erb
  Rendering friends/new.html.erb within layouts/application
  Rendered friends/_form.html.erb (Duration: 4.3ms | Allocations: 3243)
  Rendered friends/new.html.erb within layouts/application (Duration: 5.0ms | Allocations: 3586)
  Rendered home/_header.html.erb (Duration: 0.4ms | Allocations: 368)
  Rendered layout layouts/application.html.erb (Duration: 8.4ms | Allocations: 6726)
Completed 200 OK in 34ms (Views: 10.0ms | ActiveRecord: 0.9ms | Allocations: 15810)


Started POST "/friends" for ::1 at 2023-06-01 18:57:06 -0400
Processing by FriendsController#create as TURBO_STREAM
  Parameters: {"authenticity_token"=>"[FILTERED]", "friend"=>{"first_name"=>"Cristobal", "last_name"=>"Perez", "email"=>"cpereznov20@gmail.com", "phone"=>"+56972433012", "twitter"=>"cp7"}, "commit"=>"Create Friend"}
  [1m[36mTRANSACTION (0.2ms)[0m  [1m[36mbegin transaction[0m
  ↳ app/controllers/friends_controller.rb:27:in `block in create'
  [1m[36mFriend Create (1.1ms)[0m  [1m[32mINSERT INTO "friends" ("first_name", "last_name", "email", "phone", "twitter", "created_at", "updated_at") VALUES (?, ?, ?, ?, ?, ?, ?)[0m  [["first_name", "Cristobal"], ["last_name", "Perez"], ["email", "cpereznov20@gmail.com"], ["phone", "+56972433012"], ["twitter", "cp7"], ["created_at", "2023-06-01 22:57:06.543585"], ["updated_at", "2023-06-01 22:57:06.543585"]]
  ↳ app/controllers/friends_controller.rb:27:in `block in create'
  [1m[36mTRANSACTION (0.9ms)[0m  [1m[36mcommit transaction[0m
  ↳ app/controllers/friends_controller.rb:27:in `block in create'
Redirected to http://localhost:3000/friends/3
Completed 302 Found in 11ms (ActiveRecord: 2.2ms | Allocations: 3800)


Started GET "/friends/3" for ::1 at 2023-06-01 18:57:06 -0400
Processing by FriendsController#show as TURBO_STREAM
  Parameters: {"id"=>"3"}
  [1m[36mFriend Load (0.2ms)[0m  [1m[34mSELECT "friends".* FROM "friends" WHERE "friends"."id" = ? LIMIT ?[0m  [["id", 3], ["LIMIT", 1]]
  ↳ app/controllers/friends_controller.rb:63:in `set_friend'
  Rendering layout layouts/application.html.erb
  Rendering friends/show.html.erb within layouts/application
  Rendered friends/_friend.html.erb (Duration: 0.5ms | Allocations: 299)
  Rendered friends/show.html.erb within layouts/application (Duration: 2.7ms | Allocations: 1604)
  Rendered home/_header.html.erb (Duration: 0.1ms | Allocations: 158)
  Rendered layout layouts/application.html.erb (Duration: 4.8ms | Allocations: 4123)
Completed 200 OK in 8ms (Views: 5.1ms | ActiveRecord: 0.2ms | Allocations: 6954)


Started GET "/friends" for ::1 at 2023-06-01 18:57:09 -0400
Processing by FriendsController#index as HTML
  Rendering layout layouts/application.html.erb
  Rendering friends/index.html.erb within layouts/application
  [1m[36mFriend Load (0.2ms)[0m  [1m[34mSELECT "friends".* FROM "friends"[0m
  ↳ app/views/friends/index.html.erb:6
  Rendered friends/_friend.html.erb (Duration: 0.2ms | Allocations: 25)
  Rendered friends/index.html.erb within layouts/application (Duration: 4.0ms | Allocations: 1219)
  Rendered home/_header.html.erb (Duration: 0.2ms | Allocations: 158)
  Rendered layout layouts/application.html.erb (Duration: 8.5ms | Allocations: 3628)
Completed 200 OK in 11ms (Views: 9.0ms | ActiveRecord: 0.2ms | Allocations: 4014)


Started GET "/friends" for ::1 at 2023-06-01 19:11:32 -0400
Processing by FriendsController#index as HTML
  Rendering layout layouts/application.html.erb
  Rendering friends/index.html.erb within layouts/application
  [1m[36mFriend Load (0.1ms)[0m  [1m[34mSELECT "friends".* FROM "friends"[0m
  ↳ app/views/friends/index.html.erb:19
  Rendered friends/index.html.erb within layouts/application (Duration: 3.2ms | Allocations: 1677)
  Rendered home/_header.html.erb (Duration: 0.4ms | Allocations: 369)
  Rendered layout layouts/application.html.erb (Duration: 6.9ms | Allocations: 4783)
Completed 200 OK in 10ms (Views: 8.6ms | ActiveRecord: 0.7ms | Allocations: 5739)


